<?xml version="1.0" encoding="UTF-8"?>
<!-- Generated by org.testng.reporters.JUnitReportReporter -->
<testsuite hostname="DESKTOP-888A2JB" name="com.projectname.qa.TestCases.LoginTest" tests="1" failures="0" timestamp="18 Jan 2023 15:36:34 GMT" time="1.355" errors="0">
  <testcase name="FacebookLoginPageTest_positive" time="1.355" classname="com.projectname.qa.TestCases.LoginTest"/>
</testsuite>
