<?xml version="1.0" encoding="UTF-8"?>
<!-- Generated by org.testng.reporters.JUnitReportReporter -->
<testsuite hostname="DESKTOP-888A2JB" name="com.projectname.qa.TestCases.RegistrationTest" tests="1" failures="0" timestamp="18 Jan 2023 15:36:34 GMT" time="8.403" errors="0">
  <testcase name="FacebookRegistrationPageTest" time="8.403" classname="com.projectname.qa.TestCases.RegistrationTest"/>
</testsuite>
